        -:    0:Source:test.c
        -:    0:Graph:test.gcno
        -:    0:Data:test.gcda
        -:    0:Runs:1
        -:    0:Programs:1
        -:    1:#include <stdio.h>
function foo called 1 returned 100% blocks executed 75%
        1:    2:int foo(int x){
        1:    3:    if(x>0){
branch  0 taken 1
branch  1 taken 0
        1:    4:        return x;
    #####:    5:    }else return 10;
        1:    6:}
        -:    7:
function main called 1 returned 100% blocks executed 100%
        1:    8:int main(){
        1:    9:    printf("hello world\n");
        1:   10:    foo(1);
        1:   11:    return 0;
        -:   12:}
